c:\users\nicholas\documents\visual studio 2013\projects\project2\project2\debug\vc120.pdb
c:\users\nicholas\documents\visual studio 2013\projects\project2\project2\debug\vc120.idb
c:\users\nicholas\documents\visual studio 2013\projects\project2\project2\debug\cenemy.obj
c:\users\nicholas\documents\visual studio 2013\projects\project2\project2\debug\claser.obj
c:\users\nicholas\documents\visual studio 2013\projects\project2\project2\debug\cmodel.obj
c:\users\nicholas\documents\visual studio 2013\projects\project2\project2\debug\cmodelloader.obj
c:\users\nicholas\documents\visual studio 2013\projects\project2\project2\debug\cplayer.obj
c:\users\nicholas\documents\visual studio 2013\projects\project2\project2\debug\cwndmanager.obj
c:\users\nicholas\documents\visual studio 2013\projects\project2\project2\debug\gameconstants.obj
c:\users\nicholas\documents\visual studio 2013\projects\project2\project2\debug\main.obj
c:\users\nicholas\documents\visual studio 2013\projects\project2\project2\debug\windowogl.obj
c:\users\nicholas\documents\visual studio 2013\projects\project2\project2\debug\csound.obj
c:\users\nicholas\documents\visual studio 2013\projects\project2\debug\project2.pdb
c:\users\nicholas\documents\visual studio 2013\projects\project2\project2\debug\project2.tlog\cl.command.1.tlog
c:\users\nicholas\documents\visual studio 2013\projects\project2\project2\debug\project2.tlog\cl.read.1.tlog
c:\users\nicholas\documents\visual studio 2013\projects\project2\project2\debug\project2.tlog\cl.write.1.tlog
c:\users\nicholas\documents\visual studio 2013\projects\project2\project2\debug\project2.tlog\link.5916-cvtres.read.1.tlog
c:\users\nicholas\documents\visual studio 2013\projects\project2\project2\debug\project2.tlog\link.5916-cvtres.write.1.tlog
c:\users\nicholas\documents\visual studio 2013\projects\project2\project2\debug\project2.tlog\link.5916-rc.read.1.tlog
c:\users\nicholas\documents\visual studio 2013\projects\project2\project2\debug\project2.tlog\link.5916-rc.write.1.tlog
c:\users\nicholas\documents\visual studio 2013\projects\project2\project2\debug\project2.tlog\link.5916.read.1.tlog
c:\users\nicholas\documents\visual studio 2013\projects\project2\project2\debug\project2.tlog\link.5916.write.1.tlog
c:\users\nicholas\documents\visual studio 2013\projects\project2\project2\debug\project2.tlog\link.command.1.tlog
c:\users\nicholas\documents\visual studio 2013\projects\project2\project2\debug\project2.tlog\link.read.1.tlog
c:\users\nicholas\documents\visual studio 2013\projects\project2\project2\debug\project2.tlog\link.write.1.tlog
